{
  "RSpec": {
    "coverage": {
      "/Users/Nate/challenges/starcation/app/controllers/api/v1/celestials_controller.rb": [
        1,
        1,
        2,
        null,
        null,
        1,
        0,
        0,
        null,
        null
      ],
      "/Users/Nate/challenges/starcation/app/controllers/application_controller.rb": [
        1,
        1,
        null,
        1,
        null,
        1,
        null,
        1,
        9,
        null,
        null
      ],
      "/Users/Nate/challenges/starcation/app/models/celestial.rb": [
        1,
        1,
        1,
        null,
        1,
        1,
        1,
        1,
        1,
        null
      ],
      "/Users/Nate/challenges/starcation/app/models/review.rb": [
        1,
        1,
        1,
        null,
        1,
        1,
        1,
        null
      ],
      "/Users/Nate/challenges/starcation/app/controllers/static_pages_controller.rb": [
        1,
        1,
        1,
        null,
        null
      ],
      "/Users/Nate/challenges/starcation/app/channels/application_cable/channel.rb": [
        0,
        0,
        0,
        0
      ],
      "/Users/Nate/challenges/starcation/app/channels/application_cable/connection.rb": [
        0,
        0,
        0,
        0
      ],
      "/Users/Nate/challenges/starcation/app/helpers/application_helper.rb": [
        0,
        0
      ],
      "/Users/Nate/challenges/starcation/app/jobs/application_job.rb": [
        0,
        0
      ],
      "/Users/Nate/challenges/starcation/app/mailers/application_mailer.rb": [
        0,
        0,
        0,
        0
      ],
      "/Users/Nate/challenges/starcation/app/models/application_record.rb": [
        0,
        0,
        0
      ],
      "/Users/Nate/challenges/starcation/app/models/user.rb": [
        0,
        0,
        0,
        null,
        0,
        0,
        0,
        0,
        null,
        null,
        null,
        0,
        0,
        null,
        0
      ]
    },
    "timestamp": 1508336841
  }
}
